<?xml version="1.0" encoding="UTF-8"?>
<testng-results ignored="0" total="1" passed="1" failed="0" skipped="0">
  <reporter-output>
  </reporter-output>
  <suite started-at="2021-12-07T22:30:47 IST" name="Suite" finished-at="2021-12-07T22:31:12 IST" duration-ms="25010">
    <groups>
      <group name="Sanity">
        <method signature="LoginPageTest.logintest(java.lang.String,java.lang.String)[pri:0, instance:com.mystore.testcases.LoginPageTest@6da21078]" name="logintest" class="com.mystore.testcases.LoginPageTest"/>
      </group> <!-- Sanity -->
      <group name="Smoke">
        <method signature="LoginPageTest.logintest(java.lang.String,java.lang.String)[pri:0, instance:com.mystore.testcases.LoginPageTest@6da21078]" name="logintest" class="com.mystore.testcases.LoginPageTest"/>
      </group> <!-- Smoke -->
    </groups>
    <test started-at="2021-12-07T22:30:47 IST" name="runChrome" finished-at="2021-12-07T22:31:12 IST" duration-ms="25010">
      <class name="com.mystore.testcases.LoginPageTest">
        <test-method is-config="true" signature="loadConfig()[pri:0, instance:com.mystore.testcases.LoginPageTest@6da21078]" started-at="2021-12-07T22:30:46 IST" name="loadConfig" finished-at="2021-12-07T22:30:47 IST" duration-ms="490" status="PASS">
          <reporter-output>
          </reporter-output>
        </test-method> <!-- loadConfig -->
        <test-method is-config="true" signature="setup(java.lang.String)[pri:0, instance:com.mystore.testcases.LoginPageTest@6da21078]" started-at="2021-12-07T22:30:49 IST" name="setup" finished-at="2021-12-07T22:31:04 IST" duration-ms="15905" status="PASS">
          <params>
            <param index="0">
              <value>
                <![CDATA[Chrome]]>
              </value>
            </param>
          </params>
          <reporter-output>
          </reporter-output>
        </test-method> <!-- setup -->
        <test-method signature="logintest(java.lang.String,java.lang.String)[pri:0, instance:com.mystore.testcases.LoginPageTest@6da21078]" started-at="2021-12-07T22:31:04 IST" name="logintest" data-provider="credentials" finished-at="2021-12-07T22:31:11 IST" duration-ms="6704" status="PASS">
          <params>
            <param index="0">
              <value>
                <![CDATA[mallesh@gmail.com]]>
              </value>
            </param>
            <param index="1">
              <value>
                <![CDATA[admin@123]]>
              </value>
            </param>
          </params>
          <reporter-output>
          </reporter-output>
        </test-method> <!-- logintest -->
        <test-method is-config="true" signature="tearDown()[pri:0, instance:com.mystore.testcases.LoginPageTest@6da21078]" started-at="2021-12-07T22:31:11 IST" name="tearDown" finished-at="2021-12-07T22:31:12 IST" duration-ms="771" status="PASS">
          <reporter-output>
          </reporter-output>
        </test-method> <!-- tearDown -->
        <test-method is-config="true" signature="afterSuite()[pri:0, instance:com.mystore.testcases.LoginPageTest@6da21078]" started-at="2021-12-07T22:31:12 IST" name="afterSuite" finished-at="2021-12-07T22:31:13 IST" duration-ms="974" status="PASS">
          <reporter-output>
          </reporter-output>
        </test-method> <!-- afterSuite -->
      </class> <!-- com.mystore.testcases.LoginPageTest -->
    </test> <!-- runChrome -->
  </suite> <!-- Suite -->
</testng-results>
