<?xml version="1.0" encoding="UTF-8"?>
<!-- Generated by org.testng.reporters.JUnitXMLReporter -->
<testsuite ignored="0" hostname="Malli-PC" failures="0" tests="3" name="Smoke" time="18.946" errors="0" timestamp="2021-12-07T19:31:45 IST">
  <testcase classname="com.mystore.testcases.HomePageTest" name="@BeforeMethod setup" time="12.946">
    <failure type="java.lang.NullPointerException">
      <![CDATA[java.lang.NullPointerException
at com.mystore.base.BaseClass.launchApp(BaseClass.java:76)
at com.mystore.testcases.HomePageTest.setup(HomePageTest.java:33)
at java.base/java.util.ArrayList.forEach(ArrayList.java:1541)
... Removed 31 stack frames]]>
    </failure>
  </testcase> <!-- @BeforeMethod setup -->
  <testcase classname="com.mystore.testcases.HomePageTest" name="@AfterMethod tearDown" time="-1.638885699633E9">
    <skipped/>
  </testcase> <!-- @AfterMethod tearDown -->
  <testcase classname="com.mystore.testcases.HomePageTest" name="@BeforeMethod setup" time="-1.638885699638E9">
    <skipped/>
  </testcase> <!-- @BeforeMethod setup -->
  <testcase classname="com.mystore.testcases.HomePageTest" name="@AfterMethod tearDown" time="-1.638885699643E9">
    <skipped/>
  </testcase> <!-- @AfterMethod tearDown -->
  <testcase classname="com.mystore.testcases.LoginPageTest" name="@BeforeMethod setup" time="4.136">
    <failure type="java.lang.NullPointerException">
      <![CDATA[java.lang.NullPointerException
at com.mystore.base.BaseClass.launchApp(BaseClass.java:76)
at com.mystore.testcases.LoginPageTest.setup(LoginPageTest.java:28)
at java.base/java.util.ArrayList.forEach(ArrayList.java:1541)
... Removed 31 stack frames]]>
    </failure>
  </testcase> <!-- @BeforeMethod setup -->
  <testcase classname="com.mystore.testcases.LoginPageTest" name="@AfterMethod tearDown" time="-1.638885705523E9">
    <skipped/>
  </testcase> <!-- @AfterMethod tearDown -->
  <testcase classname="com.mystore.testcases.HomePageTest" name="wishListTest" time="0.0">
    <skipped/>
  </testcase> <!-- wishListTest -->
  <testcase classname="com.mystore.testcases.HomePageTest" name="orderhistory_orderDetails" time="0.0">
    <skipped/>
  </testcase> <!-- orderhistory_orderDetails -->
  <testcase classname="com.mystore.testcases.LoginPageTest" name="logintest" time="0.0">
    <skipped/>
  </testcase> <!-- logintest -->
</testsuite> <!-- Smoke -->
